This is pdfTeX, Version 3.14159265-2.6-1.40.20 (TeX Live 2019/Debian) (preloaded format=pdflatex 2022.11.18)  29 NOV 2022 04:56
entering extended mode
 restricted \write18 enabled.
 file:line:error style messages enabled.
 %&-line parsing enabled.
**/home/heavens/twilight/CMU/Thesis/Proposal/main.tex
(/home/heavens/twilight/CMU/Thesis/Proposal/main.tex
LaTeX2e <2020-02-02> patch level 2
L3 programming layer <2020-02-14> (/home/heavens/twilight/CMU/Thesis/Proposal/Thesis.cls

LaTeX Warning: You have requested document class `Thesis',
               but the document class provides `MastersDoctoralThesis'.

Document Class: MastersDoctoralThesis 2017/08/27 v1.6 LaTeXTemplates.com
(/usr/share/texlive/texmf-dist/tex/latex/etoolbox/etoolbox.sty
Package: etoolbox 2019/09/21 v2.5h e-TeX tools for LaTeX (JAW)
\etb@tempcnta=\count167
) (/usr/share/texlive/texmf-dist/tex/latex/l3packages/xparse/xparse.sty (/usr/share/texlive/texmf-dist/tex/latex/l3kernel/expl3.sty
Package: expl3 2020-02-14 L3 programming layer (loader) 
 (/usr/share/texlive/texmf-dist/tex/latex/l3backend/l3backend-pdfmode.def
File: l3backend-pdfmode.def 2020-02-03 L3 backend support: PDF mode
\l__kernel_color_stack_int=\count168
\l__pdf_internal_box=\box45
))
Package: xparse 2020-02-14 L3 Experimental document command parser
\l__xparse_current_arg_int=\count169
\g__xparse_grabber_int=\count170
\l__xparse_m_args_int=\count171
\l__xparse_v_nesting_int=\count172
) (/usr/share/texlive/texmf-dist/tex/latex/base/book.cls
Document Class: book 2019/12/20 v1.4l Standard LaTeX document class
(/usr/share/texlive/texmf-dist/tex/latex/base/bk11.clo
File: bk11.clo 2019/12/20 v1.4l Standard LaTeX file (size option)
)
\c@part=\count173
\c@chapter=\count174
\c@section=\count175
\c@subsection=\count176
\c@subsubsection=\count177
\c@paragraph=\count178
\c@subparagraph=\count179
\c@figure=\count180
\c@table=\count181
\abovecaptionskip=\skip47
\belowcaptionskip=\skip48
\bibindent=\dimen134
) (/usr/share/texlive/texmf-dist/tex/generic/babel/babel.sty
Package: babel 2020/02/14 3.40 The Babel package
 (/usr/share/texlive/texmf-dist/tex/generic/babel/switch.def
File: switch.def 2020/02/14 3.40 Babel switching mechanism
) (/usr/share/texlive/texmf-dist/tex/generic/babel-english/english.ldf
Language: english 2017/06/06 v3.3r English support from the babel system
 (/usr/share/texlive/texmf-dist/tex/generic/babel/babel.def
File: babel.def 2020/02/14 3.40 Babel common definitions
\babel@savecnt=\count182
\U@D=\dimen135
 (/usr/share/texlive/texmf-dist/tex/generic/babel/txtbabel.def)
\bbl@readstream=\read2
\bbl@dirlevel=\count183
)
Package babel Info: \l@canadian = using hyphenrules for english
(babel)             (\language0) on input line 102.
Package babel Info: \l@australian = using hyphenrules for ukenglish
(babel)             (\language58) on input line 105.
Package babel Info: \l@newzealand = using hyphenrules for ukenglish
(babel)             (\language58) on input line 108.
)) (/usr/share/texlive/texmf-dist/tex/latex/koma-script/scrbase.sty
Package: scrbase 2020/01/24 v3.29 KOMA-Script package (KOMA-Script-independent basics and keyval usage)
 (/usr/share/texlive/texmf-dist/tex/latex/graphics/keyval.sty
Package: keyval 2014/10/28 v1.15 key=value parser (DPC)
\KV@toks@=\toks14
) (/usr/share/texlive/texmf-dist/tex/latex/koma-script/scrlfile.sty
Package: scrlfile 2020/01/24 v3.29 KOMA-Script package (loading files)
)) (/usr/share/texlive/texmf-dist/tex/latex/koma-script/scrhack.sty
Package: scrhack 2020/01/24 v3.29 KOMA-Script package (hacking other packages)
 (/usr/share/texlive/texmf-dist/tex/latex/koma-script/scrkbase.sty
Package: scrkbase 2020/01/24 v3.29 KOMA-Script package (KOMA-Script-dependent basics and keyval usage)
) (/usr/share/texlive/texmf-dist/tex/latex/xpatch/xpatch.sty
Package: xpatch 2012/10/02 v0.3 Extending etoolbox patching commands
)) (/usr/share/texlive/texmf-dist/tex/latex/setspace/setspace.sty
Package: setspace 2011/12/19 v6.7a set line spacing
)
Package scrhack Info: loading setspace hack on input line 193.
 (/usr/share/texlive/texmf-dist/tex/latex/koma-script/setspace.hak
File: setspace.hak 2020/01/24 v3.29 KOMA-Script scrhack part (hacking package setspace)
) (/usr/share/texlive/texmf-dist/tex/latex/tools/longtable.sty
Package: longtable 2020/01/07 v4.13 Multi-page Table package (DPC)
\LTleft=\skip49
\LTright=\skip50
\LTpre=\skip51
\LTpost=\skip52
\LTchunksize=\count184
\LTcapwidth=\dimen136
\LT@head=\box46
\LT@firsthead=\box47
\LT@foot=\box48
\LT@lastfoot=\box49
\LT@cols=\count185
\LT@rows=\count186
\c@LT@tables=\count187
\c@LT@chunks=\count188
\LT@p@ftn=\toks15
) (/usr/share/texlive/texmf-dist/tex/latex/siunitx/siunitx.sty
Package: siunitx 2020/01/15 v2.7u A comprehensive (SI) units package
 (/usr/share/texlive/texmf-dist/tex/latex/amsmath/amstext.sty
Package: amstext 2000/06/29 v2.01 AMS text
 (/usr/share/texlive/texmf-dist/tex/latex/amsmath/amsgen.sty
File: amsgen.sty 1999/11/30 v2.0 generic functions
\@emptytoks=\toks16
\ex@=\dimen137
)) (/usr/share/texlive/texmf-dist/tex/latex/tools/array.sty
Package: array 2019/08/31 v2.4l Tabular extension package (FMi)
\col@sep=\dimen138
\ar@mcellbox=\box50
\extrarowheight=\dimen139
\NC@list=\toks17
\extratabsurround=\skip53
\backup@length=\skip54
\ar@cellbox=\box51
) (/usr/share/texlive/texmf-dist/tex/latex/l3packages/l3keys2e/l3keys2e.sty
Package: l3keys2e 2020-02-14 LaTeX2e option processing using LaTeX3 keys
)
\l__siunitx_tmp_box=\box52
\l__siunitx_tmp_dim=\dimen140
\l__siunitx_tmp_int=\count189
\l__siunitx_number_mantissa_length_int=\count190
\l__siunitx_number_uncert_length_int=\count191
\l__siunitx_round_int=\count192
\l__siunitx_process_decimal_int=\count193
\l__siunitx_process_uncertainty_int=\count194
\l__siunitx_process_fixed_int=\count195
\l__siunitx_process_integer_min_int=\count196
\l__siunitx_process_precision_int=\count197
\l__siunitx_group_min_int=\count198
\l__siunitx_angle_marker_box=\box53
\l__siunitx_angle_unit_box=\box54
\l__siunitx_angle_marker_dim=\dimen141
\l__siunitx_angle_unit_dim=\dimen142
\l__siunitx_unit_int=\count199
\l__siunitx_unit_denominator_int=\count266
\l__siunitx_unit_numerator_int=\count267
\l__siunitx_unit_prefix_int=\count268
\l__siunitx_unit_prefix_base_int=\count269
\l__siunitx_unit_prefix_gram_int=\count270
\l__siunitx_number_product_int=\count271
\c__siunitx_one_fill_skip=\skip55
\l__siunitx_table_unit_align_skip=\skip56
\l__siunitx_table_exponent_dim=\dimen143
\l__siunitx_table_integer_dim=\dimen144
\l__siunitx_table_mantissa_dim=\dimen145
\l__siunitx_table_marker_dim=\dimen146
\l__siunitx_table_result_dim=\dimen147
\l__siunitx_table_uncert_dim=\dimen148
\l__siunitx_table_fill_pre_dim=\dimen149
\l__siunitx_table_fill_post_dim=\dimen150
\l__siunitx_table_fill_mid_dim=\dimen151
\l__siunitx_table_pre_box=\box55
\l__siunitx_table_post_box=\box56
\l__siunitx_table_mantissa_box=\box57
\l__siunitx_table_result_box=\box58
\l__siunitx_table_number_align_skip=\skip57
\l__siunitx_table_text_align_skip=\skip58
 (/usr/share/texlive/texmf-dist/tex/latex/translator/translator.sty
Package: translator 2019-05-31 v1.12a Easy translation of strings in LaTeX
)) (/usr/share/texlive/texmf-dist/tex/latex/graphics/graphicx.sty
Package: graphicx 2019/11/30 v1.2a Enhanced LaTeX Graphics (DPC,SPQR)
 (/usr/share/texlive/texmf-dist/tex/latex/graphics/graphics.sty
Package: graphics 2019/11/30 v1.4a Standard LaTeX Graphics (DPC,SPQR)
 (/usr/share/texlive/texmf-dist/tex/latex/graphics/trig.sty
Package: trig 2016/01/03 v1.10 sin cos tan (DPC)
) (/usr/share/texlive/texmf-dist/tex/latex/graphics-cfg/graphics.cfg
File: graphics.cfg 2016/06/04 v1.11 sample graphics configuration
)
Package graphics Info: Driver file: pdftex.def on input line 105.
 (/usr/share/texlive/texmf-dist/tex/latex/graphics-def/pdftex.def
File: pdftex.def 2018/01/08 v1.0l Graphics/color driver for pdftex
))
\Gin@req@height=\dimen152
\Gin@req@width=\dimen153
) (/usr/share/texlive/texmf-dist/tex/latex/booktabs/booktabs.sty
Package: booktabs 2020/01/12 v1.61803398 Publication quality tables
\heavyrulewidth=\dimen154
\lightrulewidth=\dimen155
\cmidrulewidth=\dimen156
\belowrulesep=\dimen157
\belowbottomsep=\dimen158
\aboverulesep=\dimen159
\abovetopsep=\dimen160
\cmidrulesep=\dimen161
\cmidrulekern=\dimen162
\defaultaddspace=\dimen163
\@cmidla=\count272
\@cmidlb=\count273
\@aboverulesep=\dimen164
\@belowrulesep=\dimen165
\@thisruleclass=\count274
\@lastruleclass=\count275
\@thisrulewidth=\dimen166
) (/usr/share/texlive/texmf-dist/tex/latex/caption/caption.sty
Package: caption 2020/01/03 v3.4h Customizing captions (AR)
 (/usr/share/texlive/texmf-dist/tex/latex/caption/caption3.sty
Package: caption3 2020/01/03 v1.8h caption3 kernel (AR)
Package caption3 Info: TeX engine: e-TeX on input line 61.
\captionmargin=\dimen167
\captionmargin@=\dimen168
\captionwidth=\dimen169
\caption@tempdima=\dimen170
\caption@indent=\dimen171
\caption@parindent=\dimen172
\caption@hangindent=\dimen173
Package caption Info: Standard document class detected.
)
\c@caption@flags=\count276
\c@continuedfloat=\count277
Package caption Info: longtable package is loaded.
 (/usr/share/texlive/texmf-dist/tex/latex/caption/ltcaption.sty
Package: ltcaption 2018/08/26 v1.4a longtable captions (AR)
)) (/usr/share/texlive/texmf-dist/tex/latex/xcolor/xcolor.sty
Package: xcolor 2016/05/11 v2.12 LaTeX color extensions (UK)
 (/usr/share/texlive/texmf-dist/tex/latex/graphics-cfg/color.cfg
File: color.cfg 2016/01/02 v1.6 sample color configuration
)
Package xcolor Info: Driver file: pdftex.def on input line 225.
Package xcolor Info: Model `cmy' substituted by `cmy0' on input line 1348.
Package xcolor Info: Model `hsb' substituted by `rgb' on input line 1352.
Package xcolor Info: Model `RGB' extended on input line 1364.
Package xcolor Info: Model `HTML' substituted by `rgb' on input line 1366.
Package xcolor Info: Model `Hsb' substituted by `hsb' on input line 1367.
Package xcolor Info: Model `tHsb' substituted by `hsb' on input line 1368.
Package xcolor Info: Model `HSB' substituted by `hsb' on input line 1369.
Package xcolor Info: Model `Gray' substituted by `gray' on input line 1370.
Package xcolor Info: Model `wave' substituted by `hsb' on input line 1371.
) (/usr/share/texlive/texmf-dist/tex/latex/geometry/geometry.sty
Package: geometry 2020/01/02 v5.9 Page Geometry
 (/usr/share/texlive/texmf-dist/tex/generic/iftex/ifvtex.sty
Package: ifvtex 2019/10/25 v1.7 ifvtex legacy package. Use iftex instead.
 (/usr/share/texlive/texmf-dist/tex/generic/iftex/iftex.sty
Package: iftex 2019/11/07 v1.0c TeX engine tests
))
\Gm@cnth=\count278
\Gm@cntv=\count279
\c@Gm@tempcnt=\count280
\Gm@bindingoffset=\dimen174
\Gm@wd@mp=\dimen175
\Gm@odd@mp=\dimen176
\Gm@even@mp=\dimen177
\Gm@layoutwidth=\dimen178
\Gm@layoutheight=\dimen179
\Gm@layouthoffset=\dimen180
\Gm@layoutvoffset=\dimen181
\Gm@dimlist=\toks18
) (/usr/share/texlive/texmf-dist/tex/latex/koma-script/scrlayer-scrpage.sty
Package: scrlayer-scrpage 2020/01/24 v3.29 KOMA-Script package (end user interface for scrlayer)
 (/usr/share/texlive/texmf-dist/tex/latex/koma-script/scrlayer.sty
Package: scrlayer 2020/01/24 v3.29 KOMA-Script package (defining layers and page styles)
\footheight=\skip59
Package scrlayer Info: patching LaTeX kernel macro \pagestyle on input line 2106.
)
Package scrbase Info: Unknown processing state.
(scrbase)             Processing option `markcase=used'
(scrbase)             of member `.scrlayer-scrpage.sty' of family
(scrbase)             `KOMA' doesn't set
(scrbase)             a valid state. This will be interpreted
(scrbase)             as \FamilyKeyStateProcessed on input line 724.
)
Package scrlayer-scrpage Info: auto-selection of `pagestyleset=standard'.

1: chapter
1: chapter
1: section
) (/usr/share/texlive/texmf-dist/tex/latex/base/inputenc.sty
Package: inputenc 2018/08/11 v1.3c Input encoding file
\inpenc@prehook=\toks19
\inpenc@posthook=\toks20
) (/usr/share/texlive/texmf-dist/tex/latex/base/fontenc.sty
Package: fontenc 2020/02/11 v2.0o Standard LaTeX package
) (/usr/share/texlive/texmf-dist/tex/latex/psnfss/mathpazo.sty
Package: mathpazo 2005/04/12 PSNFSS-v9.2a Palatino w/ Pazo Math (D.Puga, WaS) 
\symupright=\mathgroup4
) (/usr/share/texlive/texmf-dist/tex/latex/biblatex/biblatex.sty
Package: biblatex 2019/12/01 v3.14 programmable bibliographies (PK/MW)
 (/usr/share/texlive/texmf-dist/tex/latex/pdftexcmds/pdftexcmds.sty
Package: pdftexcmds 2019/11/24 v0.31 Utility functions of pdfTeX for LuaTeX (HO)
 (/usr/share/texlive/texmf-dist/tex/generic/infwarerr/infwarerr.sty
Package: infwarerr 2019/12/03 v1.5 Providing info/warning/error messages (HO)
) (/usr/share/texlive/texmf-dist/tex/generic/ltxcmds/ltxcmds.sty
Package: ltxcmds 2019/12/15 v1.24 LaTeX kernel commands for general use (HO)
)
Package pdftexcmds Info: \pdf@primitive is available.
Package pdftexcmds Info: \pdf@ifprimitive is available.
Package pdftexcmds Info: \pdfdraftmode found.
) (/usr/share/texlive/texmf-dist/tex/latex/kvoptions/kvoptions.sty
Package: kvoptions 2019/11/29 v3.13 Key value format for package options (HO)
 (/usr/share/texlive/texmf-dist/tex/generic/kvsetkeys/kvsetkeys.sty
Package: kvsetkeys 2019/12/15 v1.18 Key value parser (HO)
)) (/usr/share/texlive/texmf-dist/tex/latex/logreq/logreq.sty
Package: logreq 2010/08/04 v1.0 xml request logger
\lrq@indent=\count281
 (/usr/share/texlive/texmf-dist/tex/latex/logreq/logreq.def
File: logreq.def 2010/08/04 v1.0 logreq spec v1.0
)) (/usr/share/texlive/texmf-dist/tex/latex/base/ifthen.sty
Package: ifthen 2014/09/29 v1.1c Standard LaTeX ifthen package (DPC)
) (/usr/share/texlive/texmf-dist/tex/latex/url/url.sty
\Urlmuskip=\muskip16
Package: url 2013/09/16  ver 3.4  Verb mode for urls, etc.
)
\c@tabx@nest=\count282
\c@listtotal=\count283
\c@listcount=\count284
\c@liststart=\count285
\c@liststop=\count286
\c@citecount=\count287
\c@citetotal=\count288
\c@multicitecount=\count289
\c@multicitetotal=\count290
\c@instcount=\count291
\c@maxnames=\count292
\c@minnames=\count293
\c@maxitems=\count294
\c@minitems=\count295
\c@citecounter=\count296
\c@maxcitecounter=\count297
\c@savedcitecounter=\count298
\c@uniquelist=\count299
\c@uniquename=\count300
\c@refsection=\count301
\c@refsegment=\count302
\c@maxextratitle=\count303
\c@maxextratitleyear=\count304
\c@maxextraname=\count305
\c@maxextradate=\count306
\c@maxextraalpha=\count307
\c@abbrvpenalty=\count308
\c@highnamepenalty=\count309
\c@lownamepenalty=\count310
\c@maxparens=\count311
\c@parenlevel=\count312
\blx@tempcnta=\count313
\blx@tempcntb=\count314
\blx@tempcntc=\count315
\blx@maxsection=\count316
\blx@maxsegment@0=\count317
\blx@notetype=\count318
\blx@parenlevel@text=\count319
\blx@parenlevel@foot=\count320
\blx@sectionciteorder@0=\count321
\blx@entrysetcounter=\count322
\labelnumberwidth=\skip60
\labelalphawidth=\skip61
\biblabelsep=\skip62
\bibitemsep=\skip63
\bibnamesep=\skip64
\bibinitsep=\skip65
\bibparsep=\skip66
\bibhang=\skip67
\blx@bcfin=\read3
\blx@bcfout=\write3
\blx@langwohyphens=\language85
\c@mincomprange=\count323
\c@maxcomprange=\count324
\c@mincompwidth=\count325
Package biblatex Info: Trying to load biblatex default data model...
Package biblatex Info: ... file 'blx-dm.def' found.
 (/usr/share/texlive/texmf-dist/tex/latex/biblatex/blx-dm.def
File: blx-dm.def 2019/12/01 v3.14 biblatex localization (PK/MW)
)
Package biblatex Info: Trying to load biblatex style data model...
Package biblatex Info: ... file 'numeric.dbx' not found.
Package biblatex Info: Trying to load biblatex custom data model...
Package biblatex Info: ... file 'biblatex-dm.cfg' not found.
\c@afterword=\count326
\c@savedafterword=\count327
\c@annotator=\count328
\c@savedannotator=\count329
\c@author=\count330
\c@savedauthor=\count331
\c@bookauthor=\count332
\c@savedbookauthor=\count333
\c@commentator=\count334
\c@savedcommentator=\count335
\c@editor=\count336
\c@savededitor=\count337
\c@editora=\count338
\c@savededitora=\count339
\c@editorb=\count340
\c@savededitorb=\count341
\c@editorc=\count342
\c@savededitorc=\count343
\c@foreword=\count344
\c@savedforeword=\count345
\c@holder=\count346
\c@savedholder=\count347
\c@introduction=\count348
\c@savedintroduction=\count349
\c@namea=\count350
\c@savednamea=\count351
\c@nameb=\count352
\c@savednameb=\count353
\c@namec=\count354
\c@savednamec=\count355
\c@translator=\count356
\c@savedtranslator=\count357
\c@shortauthor=\count358
\c@savedshortauthor=\count359
\c@shorteditor=\count360
\c@savedshorteditor=\count361
\c@labelname=\count362
\c@savedlabelname=\count363
\c@institution=\count364
\c@savedinstitution=\count365
\c@lista=\count366
\c@savedlista=\count367
\c@listb=\count368
\c@savedlistb=\count369
\c@listc=\count370
\c@savedlistc=\count371
\c@listd=\count372
\c@savedlistd=\count373
\c@liste=\count374
\c@savedliste=\count375
\c@listf=\count376
\c@savedlistf=\count377
\c@location=\count378
\c@savedlocation=\count379
\c@organization=\count380
\c@savedorganization=\count381
\c@origlocation=\count382
\c@savedoriglocation=\count383
\c@origpublisher=\count384
\c@savedorigpublisher=\count385
\c@publisher=\count386
\c@savedpublisher=\count387
\c@language=\count388
\c@savedlanguage=\count389
\c@origlanguage=\count390
\c@savedoriglanguage=\count391
\c@pageref=\count392
\c@savedpageref=\count393
\shorthandwidth=\skip68
\shortjournalwidth=\skip69
\shortserieswidth=\skip70
\shorttitlewidth=\skip71
\shortauthorwidth=\skip72
\shorteditorwidth=\skip73
\locallabelnumberwidth=\skip74
\locallabelalphawidth=\skip75
\localshorthandwidth=\skip76
\localshortjournalwidth=\skip77
\localshortserieswidth=\skip78
\localshorttitlewidth=\skip79
\localshortauthorwidth=\skip80
\localshorteditorwidth=\skip81
Package biblatex Info: Trying to load compatibility code...
Package biblatex Info: ... file 'blx-compat.def' found.
 (/usr/share/texlive/texmf-dist/tex/latex/biblatex/blx-compat.def
File: blx-compat.def 2019/12/01 v3.14 biblatex compatibility (PK/MW)
)
Package biblatex Info: Trying to load BibTeX backend compatibility...
Package biblatex Info: ... file 'blx-bibtex.def' found.
 (/usr/share/texlive/texmf-dist/tex/latex/biblatex/blx-bibtex.def
File: blx-bibtex.def 2019/12/01 v3.14 biblatex compatibility (PK/MW)


Package biblatex Warning: Using fall-back BibTeX(8) backend:
(biblatex)                functionality may be reduced/unavailable.

)
Package biblatex Info: Trying to load generic definitions...
Package biblatex Info: ... file 'biblatex.def' found.
 (/usr/share/texlive/texmf-dist/tex/latex/biblatex/biblatex.def
File: biblatex.def 2019/12/01 v3.14 biblatex compatibility (PK/MW)
\c@textcitecount=\count394
\c@textcitetotal=\count395
\c@textcitemaxnames=\count396
\c@biburlbigbreakpenalty=\count397
\c@biburlbreakpenalty=\count398
\c@biburlnumpenalty=\count399
\c@biburlucpenalty=\count400
\c@biburllcpenalty=\count401
\biburlbigskip=\muskip17
\biburlnumskip=\muskip18
\biburlucskip=\muskip19
\biburllcskip=\muskip20
\c@smartand=\count402
)
Package biblatex Info: Trying to load bibliography style 'numeric'...
Package biblatex Info: ... file 'numeric.bbx' found.
 (/usr/share/texlive/texmf-dist/tex/latex/biblatex/bbx/numeric.bbx
File: numeric.bbx 2019/12/01 v3.14 biblatex bibliography style (PK/MW)
Package biblatex Info: Trying to load bibliography style 'standard'...
Package biblatex Info: ... file 'standard.bbx' found.
 (/usr/share/texlive/texmf-dist/tex/latex/biblatex/bbx/standard.bbx
File: standard.bbx 2019/12/01 v3.14 biblatex bibliography style (PK/MW)
\c@bbx:relatedcount=\count403
\c@bbx:relatedtotal=\count404
))
Package biblatex Info: Trying to load citation style 'numeric'...
Package biblatex Info: ... file 'numeric.cbx' found.
 (/usr/share/texlive/texmf-dist/tex/latex/biblatex/cbx/numeric.cbx
File: numeric.cbx 2019/12/01 v3.14 biblatex citation style (PK/MW)
Package biblatex Info: Redefining '\cite'.
Package biblatex Info: Redefining '\parencite'.
Package biblatex Info: Redefining '\footcite'.
Package biblatex Info: Redefining '\footcitetext'.
Package biblatex Info: Redefining '\smartcite'.
Package biblatex Info: Redefining '\supercite'.
Package biblatex Info: Redefining '\textcite'.
Package biblatex Info: Redefining '\textcites'.
Package biblatex Info: Redefining '\cites'.
Package biblatex Info: Redefining '\parencites'.
Package biblatex Info: Redefining '\smartcites'.
)
Package biblatex Info: Trying to load configuration file...
Package biblatex Info: ... file 'biblatex.cfg' found.
 (/usr/share/texlive/texmf-dist/tex/latex/biblatex/biblatex.cfg
File: biblatex.cfg 
)) (/usr/share/texlive/texmf-dist/tex/latex/csquotes/csquotes.sty
Package: csquotes 2019-12-06 v5.2j context-sensitive quotations (JAW)
\csq@reset=\count405
\csq@gtype=\count406
\csq@glevel=\count407
\csq@qlevel=\count408
\csq@maxlvl=\count409
\csq@tshold=\count410
\csq@ltx@everypar=\toks21
 (/usr/share/texlive/texmf-dist/tex/latex/csquotes/csquotes.def
File: csquotes.def 2019-12-06 v5.2j csquotes generic definitions (JAW)
)
Package csquotes Info: Trying to load configuration file 'csquotes.cfg'...
Package csquotes Info: ... configuration file loaded successfully.
 (/usr/share/texlive/texmf-dist/tex/latex/csquotes/csquotes.cfg
File: csquotes.cfg 
)
Package csquotes Info: Enabling multilingual quotes.
) (/usr/share/texlive/texmf-dist/tex/latex/hyperref/hyperref.sty
Package: hyperref 2020/01/14 v7.00d Hypertext links for LaTeX
 (/usr/share/texlive/texmf-dist/tex/generic/kvdefinekeys/kvdefinekeys.sty
Package: kvdefinekeys 2019-12-19 v1.6 Define keys (HO)
) (/usr/share/texlive/texmf-dist/tex/generic/pdfescape/pdfescape.sty
Package: pdfescape 2019/12/09 v1.15 Implements pdfTeX's escape features (HO)
) (/usr/share/texlive/texmf-dist/tex/latex/hycolor/hycolor.sty
Package: hycolor 2020-01-27 v1.10 Color options for hyperref/bookmark (HO)
) (/usr/share/texlive/texmf-dist/tex/latex/letltxmacro/letltxmacro.sty
Package: letltxmacro 2019/12/03 v1.6 Let assignment for LaTeX macros (HO)
) (/usr/share/texlive/texmf-dist/tex/latex/auxhook/auxhook.sty
Package: auxhook 2019-12-17 v1.6 Hooks for auxiliary files (HO)
)
\@linkdim=\dimen182
\Hy@linkcounter=\count411
\Hy@pagecounter=\count412
 (/usr/share/texlive/texmf-dist/tex/latex/hyperref/pd1enc.def
File: pd1enc.def 2020/01/14 v7.00d Hyperref: PDFDocEncoding definition (HO)
Now handling font encoding PD1 ...
... no UTF-8 mapping file for font encoding PD1
) (/usr/share/texlive/texmf-dist/tex/generic/intcalc/intcalc.sty
Package: intcalc 2019/12/15 v1.3 Expandable calculations with integers (HO)
) (/usr/share/texlive/texmf-dist/tex/generic/etexcmds/etexcmds.sty
Package: etexcmds 2019/12/15 v1.7 Avoid name clashes with e-TeX commands (HO)
)
\Hy@SavedSpaceFactor=\count413
\pdfmajorversion=\count414
Package hyperref Info: Hyper figures OFF on input line 4547.
Package hyperref Info: Link nesting OFF on input line 4552.
Package hyperref Info: Hyper index ON on input line 4555.
Package hyperref Info: Plain pages OFF on input line 4562.
Package hyperref Info: Backreferencing OFF on input line 4567.
Package hyperref Info: Implicit mode ON; LaTeX internals redefined.
Package hyperref Info: Bookmarks ON on input line 4800.
\c@Hy@tempcnt=\count415
LaTeX Info: Redefining \url on input line 5159.
\XeTeXLinkMargin=\dimen183
 (/usr/share/texlive/texmf-dist/tex/generic/bitset/bitset.sty
Package: bitset 2019/12/09 v1.3 Handle bit-vector datatype (HO)
 (/usr/share/texlive/texmf-dist/tex/generic/bigintcalc/bigintcalc.sty
Package: bigintcalc 2019/12/15 v1.5 Expandable calculations on big integers (HO)
))
\Fld@menulength=\count416
\Field@Width=\dimen184
\Fld@charsize=\dimen185
Package hyperref Info: Hyper figures OFF on input line 6430.
Package hyperref Info: Link nesting OFF on input line 6435.
Package hyperref Info: Hyper index ON on input line 6438.
Package hyperref Info: backreferencing OFF on input line 6445.
Package hyperref Info: Link coloring OFF on input line 6450.
Package hyperref Info: Link coloring with OCG OFF on input line 6455.
Package hyperref Info: PDF/A mode OFF on input line 6460.
LaTeX Info: Redefining \ref on input line 6500.
LaTeX Info: Redefining \pageref on input line 6504.
 (/usr/share/texlive/texmf-dist/tex/generic/atbegshi/atbegshi.sty
Package: atbegshi 2019/12/05 v1.19 At begin shipout hook (HO)
)
\Hy@abspage=\count417
\c@Item=\count418
\c@Hfootnote=\count419
)
Package scrhack Info: hyperref hack deactivated because of
(scrhack)             detection of hyperref version, that doesn't
(scrhack)             need that hack, on input line 92.
Package hyperref Info: Driver (autodetected): hpdftex.
 (/usr/share/texlive/texmf-dist/tex/latex/hyperref/hpdftex.def
File: hpdftex.def 2020/01/14 v7.00d Hyperref driver for pdfTeX
 (/usr/share/texlive/texmf-dist/tex/latex/atveryend/atveryend.sty
Package: atveryend 2019-12-11 v1.11 Hooks at the very end of document (HO)
)
\Fld@listcount=\count420
\c@bookmark@seq@number=\count421
 (/usr/share/texlive/texmf-dist/tex/latex/rerunfilecheck/rerunfilecheck.sty
Package: rerunfilecheck 2019/12/05 v1.9 Rerun checks for auxiliary files (HO)
 (/usr/share/texlive/texmf-dist/tex/generic/uniquecounter/uniquecounter.sty
Package: uniquecounter 2019/12/15 v1.4 Provide unlimited unique counter (HO)
)
Package uniquecounter Info: New unique counter `rerunfilecheck' on input line 286.
)
\Hy@SectionHShift=\skip82
)
Package hyperref Info: Option `bookmarksopen' set `true' on input line 92.
Package hyperref Info: Option `hypertexnames' set `false' on input line 92.
Package hyperref Info: Option `colorlinks' set `true' on input line 92.
Package hyperref Info: Option `unicode' set `true' on input line 92.
 (/usr/share/texlive/texmf-dist/tex/latex/hyperref/puenc.def
File: puenc.def 2020/01/14 v7.00d Hyperref: PDF Unicode definition (HO)
Now handling font encoding PU ...
... no UTF-8 mapping file for font encoding PU
)
Package hyperref Info: Option `breaklinks' set `true' on input line 92.
Package csquotes Info: Checking for multilingual support...
Package csquotes Info: ... found 'babel' package.
 (/home/heavens/twilight/CMU/Thesis/Proposal/main.aux)
\openout1 = `main.aux'.

LaTeX Font Info:    Checking defaults for OML/cmm/m/it on input line 92.
LaTeX Font Info:    ... okay on input line 92.
LaTeX Font Info:    Checking defaults for OMS/cmsy/m/n on input line 92.
LaTeX Font Info:    ... okay on input line 92.
LaTeX Font Info:    Checking defaults for OT1/cmr/m/n on input line 92.
LaTeX Font Info:    ... okay on input line 92.
LaTeX Font Info:    Checking defaults for T1/cmr/m/n on input line 92.
LaTeX Font Info:    ... okay on input line 92.
LaTeX Font Info:    Checking defaults for TS1/cmr/m/n on input line 92.
LaTeX Font Info:    ... okay on input line 92.
LaTeX Font Info:    Checking defaults for OMX/cmex/m/n on input line 92.
LaTeX Font Info:    ... okay on input line 92.
LaTeX Font Info:    Checking defaults for U/cmr/m/n on input line 92.
LaTeX Font Info:    ... okay on input line 92.
LaTeX Font Info:    Checking defaults for PD1/pdf/m/n on input line 92.
LaTeX Font Info:    ... okay on input line 92.
LaTeX Font Info:    Checking defaults for PU/pdf/m/n on input line 92.
LaTeX Font Info:    ... okay on input line 92.
LaTeX Font Info:    Trying to load font information for T1+ppl on input line 92.
 (/usr/share/texlive/texmf-dist/tex/latex/psnfss/t1ppl.fd
File: t1ppl.fd 2001/06/04 font definitions for T1/ppl.
) (/usr/share/texlive/texmf-dist/tex/latex/translator/translator-basic-dictionary-English.dict
Dictionary: translator-basic-dictionary, Language: English 
) (/usr/share/texlive/texmf-dist/tex/latex/siunitx/siunitx-abbreviations.cfg
File: siunitx-abbreviations.cfg 2017/11/26 v2.7k siunitx: Abbreviated units
) (/usr/share/texlive/texmf-dist/tex/context/base/mkii/supp-pdf.mkii
[Loading MPS to PDF converter (version 2006.09.02).]
\scratchcounter=\count422
\scratchdimen=\dimen186
\scratchbox=\box59
\nofMPsegments=\count423
\nofMParguments=\count424
\everyMPshowfont=\toks22
\MPscratchCnt=\count425
\MPscratchDim=\dimen187
\MPnumerator=\count426
\makeMPintoPDFobject=\count427
\everyMPtoPDFconversion=\toks23
) (/usr/share/texlive/texmf-dist/tex/latex/epstopdf-pkg/epstopdf-base.sty
Package: epstopdf-base 2020-01-24 v2.11 Base part for package epstopdf
Package epstopdf-base Info: Redefining graphics rule for `.eps' on input line 485.
 (/usr/share/texlive/texmf-dist/tex/latex/latexconfig/epstopdf-sys.cfg
File: epstopdf-sys.cfg 2010/07/13 v1.3 Configuration of (r)epstopdf for TeX Live
))
Package caption Info: Begin \AtBeginDocument code.
Package caption Info: hyperref package is loaded.
Package caption Info: End \AtBeginDocument code.

*geometry* driver: auto-detecting
*geometry* detected driver: pdftex
*geometry* verbose mode - [ preamble ] result:
* driver: pdftex
* paper: a4paper
* layout: <same size as paper>
* layoutoffset:(h,v)=(0.0pt,0.0pt)
* bindingoffset: 14.22636pt
* modes: includehead includefoot twoside 
* h-part:(L,W,R)=(71.13188pt, 404.02908pt, 108.12054pt)
* v-part:(T,H,B)=(42.67912pt, 759.6886pt, 42.67912pt)
* \paperwidth=597.50787pt
* \paperheight=845.04684pt
* \textwidth=404.02908pt
* \textheight=693.49821pt
* \oddsidemargin=13.08826pt
* \evensidemargin=35.85056pt
* \topmargin=-29.59087pt
* \headheight=18.85364pt
* \headsep=19.8738pt
* \topskip=11.0pt
* \footskip=27.46295pt
* \marginparwidth=116.0pt
* \marginparsep=7.0pt
* \columnsep=10.0pt
* \skip\footins=10.0pt plus 4.0pt minus 2.0pt
* \hoffset=0.0pt
* \voffset=0.0pt
* \mag=1000
* \@twocolumnfalse
* \@twosidetrue
* \@mparswitchtrue
* \@reversemarginfalse
* (1in=72.27pt=25.4mm, 1cm=28.453pt)

Package scrlayer Info: Setting magic \footheight to \baselineskip while
(scrlayer)             \begin{document} on input line 92.
Package scrbase Info: activating english \abbrevname on input line 92.
Package scrbase Info: activating english \byname on input line 92.
Package scrbase Info: activating english \acknowledgementname on input line 92.
Package scrbase Info: activating english \authorshipname on input line 92.
Package scrbase Info: activating english \constantsname on input line 92.
Package scrbase Info: activating english \symbolsname on input line 92.
\big@size=\dimen188
Package biblatex Info: Trying to load language 'english'...
Package biblatex Info: ... file 'english.lbx' found.
(/usr/share/texlive/texmf-dist/tex/latex/biblatex/lbx/english.lbx
File: english.lbx 2019/12/01 v3.14 biblatex localization (PK/MW)
)
Package biblatex Info: Input encoding 'utf8' detected.
Package biblatex Info: Automatic encoding selection.
(biblatex)             Assuming data encoding 'utf8'.
Package biblatex Info: Input encoding 'utf8' specified.
Package biblatex Info: Data encoding 'utf8' specified.
(biblatex)             No need to reencode data.
\openout3 = `main-blx.bib'.

Package biblatex Info: Trying to load bibliographic data...
Package biblatex Info: ... file 'main.bbl' not found.

No file main.bbl.
Package biblatex Info: Reference section=0 on input line 92.
Package biblatex Info: Reference segment=0 on input line 92.
\AtBeginShipoutBox=\box60
Package hyperref Info: Link coloring ON on input line 92.
(/usr/share/texlive/texmf-dist/tex/latex/hyperref/nameref.sty
Package: nameref 2019/09/16 v2.46 Cross-referencing by name of section
 (/usr/share/texlive/texmf-dist/tex/latex/refcount/refcount.sty
Package: refcount 2019/12/15 v3.6 Data extraction from label references (HO)
) (/usr/share/texlive/texmf-dist/tex/generic/gettitlestring/gettitlestring.sty
Package: gettitlestring 2019/12/15 v1.6 Cleanup title references (HO)
)
\c@section@level=\count428
)
LaTeX Info: Redefining \ref on input line 92.
LaTeX Info: Redefining \pageref on input line 92.
LaTeX Info: Redefining \nameref on input line 92.
\@outlinefile=\write4
\openout4 = `main.out'.

LaTeX Font Info:    Trying to load font information for OT1+ppl on input line 92.
 (/usr/share/texlive/texmf-dist/tex/latex/psnfss/ot1ppl.fd
File: ot1ppl.fd 2001/06/04 font definitions for OT1/ppl.
)
LaTeX Font Info:    Trying to load font information for OML+zplm on input line 92.
 (/usr/share/texlive/texmf-dist/tex/latex/psnfss/omlzplm.fd
File: omlzplm.fd 2002/09/08 Fontinst v1.914 font definitions for OML/zplm.
)
LaTeX Font Info:    Trying to load font information for OMS+zplm on input line 92.
 (/usr/share/texlive/texmf-dist/tex/latex/psnfss/omszplm.fd
File: omszplm.fd 2002/09/08 Fontinst v1.914 font definitions for OMS/zplm.
)
LaTeX Font Info:    Trying to load font information for OMX+zplm on input line 92.
 (/usr/share/texlive/texmf-dist/tex/latex/psnfss/omxzplm.fd
File: omxzplm.fd 2002/09/08 Fontinst v1.914 font definitions for OMX/zplm.
)
LaTeX Font Info:    Trying to load font information for OT1+zplm on input line 92.
 (/usr/share/texlive/texmf-dist/tex/latex/psnfss/ot1zplm.fd
File: ot1zplm.fd 2002/09/08 Fontinst v1.914 font definitions for OT1/zplm.
)
1: section
[1



{/var/lib/texmf/fonts/map/pdftex/updmap/pdftex.map}] [2

]
--------------------
 Abstract
--------------------
(/home/heavens/twilight/CMU/Thesis/Proposal/abstract.tex)
1: section
[3] [4

]
\tf@toc=\write5
\openout5 = `main.toc'.


1: section
[5] [6

]
\tf@lof=\write6
\openout6 = `main.lof'.


1: section
[7] [8

]
\tf@lot=\write7
\openout7 = `main.lot'.


1: section
[9] [10

]
1: section
[11] [12

]
1: section
\openout2 = `Chapters/Introduction.aux'.

(/home/heavens/twilight/CMU/Thesis/Proposal/Chapters/Introduction.tex
Chapter 1.
1: section
[1


]
Overfull \hbox (9.49245pt too wide) in paragraph at lines 21--22
\T1/ppl/m/n/10.95 Among sev-eral m6A de-tec-tion meth-ods, long read se-quenc-ing us-ing Ox-ford Nanopore
 []


Overfull \hbox (2.70276pt too wide) in paragraph at lines 21--22
\T1/ppl/m/n/10.95 se-quencer is a way that can give qual-i-ta-tive in-for-ma-tion about the whole m6A methy-
 []

) [2]
\openout2 = `Chapters/Aim1.aux'.

 (/home/heavens/twilight/CMU/Thesis/Proposal/Chapters/Aim1.tex
Chapter 2.
<figs/Method.png, id=90, 1181.05026pt x 542.30511pt>
File: figs/Method.png Graphic file (type png)
<use figs/Method.png>
Package pdftex.def Info: figs/Method.png  used on input line 6.
(pdftex.def)             Requested size: 404.02908pt x 185.51495pt.

LaTeX Warning: Citation 'vincent2008extracting' on page 3 undefined on input line 7.


LaTeX Warning: Citation 'vincent2008extracting' on page 3 undefined on input line 7.


LaTeX Warning: Reference `fig:train' on page 3 undefined on input line 10.


Package hyperref Warning: Difference (2) between bookmark levels is greater 
(hyperref)                than one, level fixed on input line 12.

/home/heavens/twilight/CMU/Thesis/Proposal/Chapters/Aim1.tex:13: Undefined control sequence.
<recently read> \boldsymbol 
                            
l.13 ...n undirected, weighted} graph $\boldsymbol
                                                  {G}$ representing cell nei...
The control sequence at the end of the top line
of your error message was never \def'ed. If you have
misspelled it (e.g., `\hobx'), type `I' and the correct
spelling (e.g., `I\hbox'). Otherwise just continue,
and I'll forget about whatever was undefined.

/home/heavens/twilight/CMU/Thesis/Proposal/Chapters/Aim1.tex:13: Undefined control sequence.
<argument> ...l $i$ in $G$ using $ N_{\boldsymbol 
                                                  {G}(i)}$. Neighborhood is ...
l.13 ...des in $G$ (a cutoff on the edge weight).}
                                                  
The control sequence at the end of the top line
of your error message was never \def'ed. If you have
misspelled it (e.g., `\hobx'), type `I' and the correct
spelling (e.g., `I\hbox'). Otherwise just continue,
and I'll forget about whatever was undefined.

/home/heavens/twilight/CMU/Thesis/Proposal/Chapters/Aim1.tex:14: Undefined control sequence.
<argument> ...pto \prod _{i}{P(z^i|N_{\boldsymbol 
                                                  {G}}(z^i))}$, in which $P(...
l.14 ...signment of cell i given its neighborhood}
                                                   capturing the relationshi...
The control sequence at the end of the top line
of your error message was never \def'ed. If you have
misspelled it (e.g., `\hobx'), type `I' and the correct
spelling (e.g., `I\hbox'). Otherwise just continue,
and I'll forget about whatever was undefined.

/home/heavens/twilight/CMU/Thesis/Proposal/Chapters/Aim1.tex:14: Undefined control sequence.
<argument> ...)}$, in which $P(z^i|N_{\boldsymbol 
                                                  {G}}(z^i))$ is the conditi...
l.14 ...signment of cell i given its neighborhood}
                                                   capturing the relationshi...
The control sequence at the end of the top line
of your error message was never \def'ed. If you have
misspelled it (e.g., `\hobx'), type `I' and the correct
spelling (e.g., `I\hbox'). Otherwise just continue,
and I'll forget about whatever was undefined.

/home/heavens/twilight/CMU/Thesis/Proposal/Chapters/Aim1.tex:14: Undefined control sequence.
l.14 ... between neighboring cells $N_{\boldsymbol
                                                  {G}}(z)$ in $\boldsymbol{G...
The control sequence at the end of the top line
of your error message was never \def'ed. If you have
misspelled it (e.g., `\hobx'), type `I' and the correct
spelling (e.g., `I\hbox'). Otherwise just continue,
and I'll forget about whatever was undefined.

/home/heavens/twilight/CMU/Thesis/Proposal/Chapters/Aim1.tex:14: Undefined control sequence.
<recently read> \boldsymbol 
                            
l.14 ...ls $N_{\boldsymbol{G}}(z)$ in $\boldsymbol
                                                  {G}$. (2) Next, expression...
The control sequence at the end of the top line
of your error message was never \def'ed. If you have
misspelled it (e.g., `\hobx'), type `I' and the correct
spelling (e.g., `I\hbox'). Otherwise just continue,
and I'll forget about whatever was undefined.

1: section
[3



 </home/heavens/twilight/CMU/Thesis/Proposal/figs/Method.png>]
/home/heavens/twilight/CMU/Thesis/Proposal/Chapters/Aim1.tex:16: Undefined control sequence.
<recently read> \boldsymbol 
                            
l.16 ...evels $X$ and cell locations ($\boldsymbol
                                                  {G}$) is:
The control sequence at the end of the top line
of your error message was never \def'ed. If you have
misspelled it (e.g., `\hobx'), type `I' and the correct
spelling (e.g., `I\hbox'). Otherwise just continue,
and I'll forget about whatever was undefined.

/home/heavens/twilight/CMU/Thesis/Proposal/Chapters/Aim1.tex:18: Undefined control sequence.
<argument> P_{\theta }(z^i,N_{\boldsymbol 
                                          {G}}(z^i)))
l.18 ...{P_{\theta}(z^i,N_{\boldsymbol{G}}(z^i)))}
                                                  }
The control sequence at the end of the top line
of your error message was never \def'ed. If you have
misspelled it (e.g., `\hobx'), type `I' and the correct
spelling (e.g., `I\hbox'). Otherwise just continue,
and I'll forget about whatever was undefined.

/home/heavens/twilight/CMU/Thesis/Proposal/Chapters/Aim1.tex:23: Undefined control sequence.
<argument> P_{\theta }(z^i,N_{\boldsymbol 
                                          {G}}(z^i))
l.23 ...}{P_{\theta}(z^i,N_{\boldsymbol{G}}(z^i))}
                                                   = P(y^i|z^i)
The control sequence at the end of the top line
of your error message was never \def'ed. If you have
misspelled it (e.g., `\hobx'), type `I' and the correct
spelling (e.g., `I\hbox'). Otherwise just continue,
and I'll forget about whatever was undefined.

/home/heavens/twilight/CMU/Thesis/Proposal/Chapters/Aim1.tex:39: Undefined control sequence.
<argument> ...propto \mathcal {N}(x_i;\boldsymbol 
                                                  {\mu }_m,\boldsymbol {\Sig...
l.39 \end{equation}}
                    
The control sequence at the end of the top line
of your error message was never \def'ed. If you have
misspelled it (e.g., `\hobx'), type `I' and the correct
spelling (e.g., `I\hbox'). Otherwise just continue,
and I'll forget about whatever was undefined.

/home/heavens/twilight/CMU/Thesis/Proposal/Chapters/Aim1.tex:39: Undefined control sequence.
<argument> ..._i;\boldsymbol {\mu }_m,\boldsymbol 
                                                  {\Sigma }_m) \mathcal {M}(...
l.39 \end{equation}}
                    
The control sequence at the end of the top line
of your error message was never \def'ed. If you have
misspelled it (e.g., `\hobx'), type `I' and the correct
spelling (e.g., `I\hbox'). Otherwise just continue,
and I'll forget about whatever was undefined.

/home/heavens/twilight/CMU/Thesis/Proposal/Chapters/Aim1.tex:39: Undefined control sequence.
<argument> ...a }_m) \mathcal {M}(y_i;\boldsymbol 
                                                  {\theta }_m) \end {equation}
l.39 \end{equation}}
                    
The control sequence at the end of the top line
of your error message was never \def'ed. If you have
misspelled it (e.g., `\hobx'), type `I' and the correct
spelling (e.g., `I\hbox'). Otherwise just continue,
and I'll forget about whatever was undefined.

/home/heavens/twilight/CMU/Thesis/Proposal/Chapters/Aim1.tex:40: Undefined control sequence.
<argument> $\mathcal {N}(\boldsymbol 
                                     {\mu }_m,\boldsymbol {\Sigma }_m)$
l.40 ...boldsymbol{\mu}_m,\boldsymbol{\Sigma}_m)$}
                                                   is a multi-variate Gaussi...
The control sequence at the end of the top line
of your error message was never \def'ed. If you have
misspelled it (e.g., `\hobx'), type `I' and the correct
spelling (e.g., `I\hbox'). Otherwise just continue,
and I'll forget about whatever was undefined.

/home/heavens/twilight/CMU/Thesis/Proposal/Chapters/Aim1.tex:40: Undefined control sequence.
<argument> ...N}(\boldsymbol {\mu }_m,\boldsymbol 
                                                  {\Sigma }_m)$
l.40 ...boldsymbol{\mu}_m,\boldsymbol{\Sigma}_m)$}
                                                   is a multi-variate Gaussi...
The control sequence at the end of the top line
of your error message was never \def'ed. If you have
misspelled it (e.g., `\hobx'), type `I' and the correct
spelling (e.g., `I\hbox'). Otherwise just continue,
and I'll forget about whatever was undefined.

/home/heavens/twilight/CMU/Thesis/Proposal/Chapters/Aim1.tex:40: Undefined control sequence.
<recently read> \boldsymbol 
                            
l.40 ...an \textcolor{black}{$\boldsymbol{\mu}_m$}
                                                   and covariance matrix \te...
The control sequence at the end of the top line
of your error message was never \def'ed. If you have
misspelled it (e.g., `\hobx'), type `I' and the correct
spelling (e.g., `I\hbox'). Otherwise just continue,
and I'll forget about whatever was undefined.

/home/heavens/twilight/CMU/Thesis/Proposal/Chapters/Aim1.tex:40: Undefined control sequence.
<recently read> \boldsymbol 
                            
l.40 ...\textcolor{black}{$\boldsymbol{\Sigma}_m$}
                                                  , and \textcolor{black}{$\...
The control sequence at the end of the top line
of your error message was never \def'ed. If you have
misspelled it (e.g., `\hobx'), type `I' and the correct
spelling (e.g., `I\hbox'). Otherwise just continue,
and I'll forget about whatever was undefined.

/home/heavens/twilight/CMU/Thesis/Proposal/Chapters/Aim1.tex:40: Undefined control sequence.
<argument> $\mathcal {M}(\boldsymbol 
                                     {\theta }_m)$
l.40 ...ack}{$\mathcal{M}(\boldsymbol{\theta}_m)$}
                                                   is a Multinomial distribu...
The control sequence at the end of the top line
of your error message was never \def'ed. If you have
misspelled it (e.g., `\hobx'), type `I' and the correct
spelling (e.g., `I\hbox'). Otherwise just continue,
and I'll forget about whatever was undefined.

/home/heavens/twilight/CMU/Thesis/Proposal/Chapters/Aim1.tex:40: Undefined control sequence.
<recently read> \boldsymbol 
                            
l.40 ...\textcolor{black}{$\boldsymbol{\theta}_m$}
                                                   as the frequency paramete...
The control sequence at the end of the top line
of your error message was never \def'ed. If you have
misspelled it (e.g., `\hobx'), type `I' and the correct
spelling (e.g., `I\hbox'). Otherwise just continue,
and I'll forget about whatever was undefined.

/home/heavens/twilight/CMU/Thesis/Proposal/Chapters/Aim1.tex:40: Undefined control sequence.
l.40 ...parameter, and we use $\psi = (\boldsymbol
                                                  {\mu},\boldsymbol{\Sigma},...
The control sequence at the end of the top line
of your error message was never \def'ed. If you have
misspelled it (e.g., `\hobx'), type `I' and the correct
spelling (e.g., `I\hbox'). Otherwise just continue,
and I'll forget about whatever was undefined.

/home/heavens/twilight/CMU/Thesis/Proposal/Chapters/Aim1.tex:40: Undefined control sequence.
l.40 ... use $\psi = (\boldsymbol{\mu},\boldsymbol
                                                  {\Sigma},\boldsymbol{\thet...
The control sequence at the end of the top line
of your error message was never \def'ed. If you have
misspelled it (e.g., `\hobx'), type `I' and the correct
spelling (e.g., `I\hbox'). Otherwise just continue,
and I'll forget about whatever was undefined.

/home/heavens/twilight/CMU/Thesis/Proposal/Chapters/Aim1.tex:40: Undefined control sequence.
l.40 ...ymbol{\mu},\boldsymbol{\Sigma},\boldsymbol
                                                  {\theta})$ to denote all t...
The control sequence at the end of the top line
of your error message was never \def'ed. If you have
misspelled it (e.g., `\hobx'), type `I' and the correct
spelling (e.g., `I\hbox'). Otherwise just continue,
and I'll forget about whatever was undefined.

/home/heavens/twilight/CMU/Thesis/Proposal/Chapters/Aim1.tex:40: Undefined control sequence.
<recently read> \boldsymbol 
                            
l.40 ... cells in the adjacency graph $\boldsymbol
                                                  {G}$ and update their type...
The control sequence at the end of the top line
of your error message was never \def'ed. If you have
misspelled it (e.g., `\hobx'), type `I' and the correct
spelling (e.g., `I\hbox'). Otherwise just continue,
and I'll forget about whatever was undefined.


LaTeX Warning: Citation 'besag1986statistical' on page 4 undefined on input line 40.

[4]

/home/heavens/twilight/CMU/Thesis/Proposal/Chapters/Aim1.tex:63: LaTeX Error: Environment split undefined.

See the LaTeX manual or LaTeX Companion for explanation.
Type  H <return>  for immediate help.
 ...                                              
                                                  
l.63 }
      
Your command was ignored.
Type  I <command> <return>  to replace it with another command,
or  <return>  to continue without it.

/home/heavens/twilight/CMU/Thesis/Proposal/Chapters/Aim1.tex:63: Misplaced alignment tab character &.
<argument> ... _{old}) = \sum _{i=1}^{D}\sum _{m}&
                                                  log[P_{\psi }(x^i|z^i=m)\c...
l.63 }
      
I can't figure out why you would want to use a tab mark
here. If you just want an ampersand, the remedy is
simple: Just type `I\&' now. But if some right brace
up above has ended a previous alignment prematurely,
you're probably due for more error messages, and you
might try typing `S' now just to see what is salvageable.

/home/heavens/twilight/CMU/Thesis/Proposal/Chapters/Aim1.tex:63: Misplaced alignment tab character &.
<recently read> &
                 
l.63 }
      
I can't figure out why you would want to use a tab mark
here. If you just want an ampersand, the remedy is
simple: Just type `I\&' now. But if some right brace
up above has ended a previous alignment prematurely,
you're probably due for more error messages, and you
might try typing `S' now just to see what is salvageable.


/home/heavens/twilight/CMU/Thesis/Proposal/Chapters/Aim1.tex:63: LaTeX Error: \begin{equation} on input line 63 ended by \end{split}.

See the LaTeX manual or LaTeX Companion for explanation.
Type  H <return>  for immediate help.
 ...                                              
                                                  
l.63 }
      
Your command was ignored.
Type  I <command> <return>  to replace it with another command,
or  <return>  to continue without it.


Overfull \hbox (0.95099pt too wide) detected at line 63
[]\OML/zplm/m/it/10.95 Q\OT1/zplm/m/n/10.95 (\OML/zplm/m/it/10.95  \OMS/zplm/m/n/10.95 j\OML/zplm/m/it/10.95  []\OT1/zplm/m/n/10.95 ) = [] [] \OML/zplm/m/it/10.95 log\OT1/zplm/m/n/10.95 [\OML/zplm/m/it/10.95 P[]\OT1/zplm/m/n/10.95 (\OML/zplm/m/it/10.95 x[]\OMS/zplm/m/n/10.95 j\OML/zplm/m/it/10.95 z[] \OT1/zplm/m/n/10.95 = \OML/zplm/m/it/10.95 m\OT1/zplm/m/n/10.95 ) \OMS/zplm/m/n/10.95 ^^A \OML/zplm/m/it/10.95 P[]\OT1/zplm/m/n/10.95 (\OML/zplm/m/it/10.95 y[]\OMS/zplm/m/n/10.95 j\OML/zplm/m/it/10.95 z[] \OT1/zplm/m/n/10.95 = \OML/zplm/m/it/10.95 m\OT1/zplm/m/n/10.95 )[]  \OMS/zplm/m/n/10.95 ^^A \OML/zplm/m/it/10.95 P[]\OT1/zplm/m/n/10.95 (\OML/zplm/m/it/10.95 z[] \OT1/zplm/m/n/10.95 = \OML/zplm/m/it/10.95 m\OT1/zplm/m/n/10.95 )] \OMS/zplm/m/n/10.95 ^^A \OML/zplm/m/it/10.95 P[]\OT1/zplm/m/n/10.95 (\OML/zplm/m/it/10.95 z[] \OT1/zplm/m/n/10.95 = \OML/zplm/m/it/10.95 m\OMS/zplm/m/n/10.95 j\OML/zplm/m/it/10.95 x[]\OT1/ppl/m/n/10.95 , \OML/zplm/m/it/10.95 y[]\OT1/zplm/m/n/10.95 )[]
 []


/home/heavens/twilight/CMU/Thesis/Proposal/Chapters/Aim1.tex:63: LaTeX Error: Environment split undefined.

See the LaTeX manual or LaTeX Companion for explanation.
Type  H <return>  for immediate help.
 ...                                              
                                                  
l.63 }
      
Your command was ignored.
Type  I <command> <return>  to replace it with another command,
or  <return>  to continue without it.

/home/heavens/twilight/CMU/Thesis/Proposal/Chapters/Aim1.tex:63: Misplaced alignment tab character &.
<argument> ...ion} \begin {split} P_{\psi _{old}}&
                                                  (z^i=m|x^i,y^i)=\\ &\frac ...
l.63 }
      
I can't figure out why you would want to use a tab mark
here. If you just want an ampersand, the remedy is
simple: Just type `I\&' now. But if some right brace
up above has ended a previous alignment prematurely,
you're probably due for more error messages, and you
might try typing `S' now just to see what is salvageable.

/home/heavens/twilight/CMU/Thesis/Proposal/Chapters/Aim1.tex:63: Misplaced alignment tab character &.
<recently read> &
                 
l.63 }
      
I can't figure out why you would want to use a tab mark
here. If you just want an ampersand, the remedy is
simple: Just type `I\&' now. But if some right brace
up above has ended a previous alignment prematurely,
you're probably due for more error messages, and you
might try typing `S' now just to see what is salvageable.


/home/heavens/twilight/CMU/Thesis/Proposal/Chapters/Aim1.tex:63: LaTeX Error: \begin{equation} on input line 63 ended by \end{split}.

See the LaTeX manual or LaTeX Companion for explanation.
Type  H <return>  for immediate help.
 ...                                              
                                                  
l.63 }
      
Your command was ignored.
Type  I <command> <return>  to replace it with another command,
or  <return>  to continue without it.


LaTeX Warning: Reference `expectation' on page 5 undefined on input line 64.

/home/heavens/twilight/CMU/Thesis/Proposal/Chapters/Aim1.tex:64: Undefined control sequence.
<argument> $\mathcal {N}(\boldsymbol 
                                     {\mu }_m,\boldsymbol {\Sigma }_m)$
l.64 ...boldsymbol{\mu}_m,\boldsymbol{\Sigma}_m)$}
                                                  , and the neighborhood vec...
The control sequence at the end of the top line
of your error message was never \def'ed. If you have
misspelled it (e.g., `\hobx'), type `I' and the correct
spelling (e.g., `I\hbox'). Otherwise just continue,
and I'll forget about whatever was undefined.

/home/heavens/twilight/CMU/Thesis/Proposal/Chapters/Aim1.tex:64: Undefined control sequence.
<argument> ...N}(\boldsymbol {\mu }_m,\boldsymbol 
                                                  {\Sigma }_m)$
l.64 ...boldsymbol{\mu}_m,\boldsymbol{\Sigma}_m)$}
                                                  , and the neighborhood vec...
The control sequence at the end of the top line
of your error message was never \def'ed. If you have
misspelled it (e.g., `\hobx'), type `I' and the correct
spelling (e.g., `I\hbox'). Otherwise just continue,
and I'll forget about whatever was undefined.

/home/heavens/twilight/CMU/Thesis/Proposal/Chapters/Aim1.tex:64: Undefined control sequence.
<argument> $\mathcal {M}(\boldsymbol 
                                     {\theta }_m)$
l.64 ...ack}{$\mathcal{M}(\boldsymbol{\theta}_m)$}
                                                  . We set \textcolor{black}...
The control sequence at the end of the top line
of your error message was never \def'ed. If you have
misspelled it (e.g., `\hobx'), type `I' and the correct
spelling (e.g., `I\hbox'). Otherwise just continue,
and I'll forget about whatever was undefined.

LaTeX Font Info:    Trying to load font information for U+fplmbb on input line 65.
(/usr/share/texlive/texmf-dist/tex/latex/psnfss/ufplmbb.fd
File: ufplmbb.fd 2003/10/30 Fontinst v1.914 font definitions for U/fplmbb.
)
/home/heavens/twilight/CMU/Thesis/Proposal/Chapters/Aim1.tex:65: Undefined control sequence.
l.65 ...row-wise normalized so that $||\boldsymbol
                                                  {\theta}_m||_1 = 1$, where...
The control sequence at the end of the top line
of your error message was never \def'ed. If you have
misspelled it (e.g., `\hobx'), type `I' and the correct
spelling (e.g., `I\hbox'). Otherwise just continue,
and I'll forget about whatever was undefined.

/home/heavens/twilight/CMU/Thesis/Proposal/Chapters/Aim1.tex:65: Undefined control sequence.
<recently read> \boldsymbol 
                            
l.65 ...bol{\theta}_m||_1 = 1$, where $\boldsymbol
                                                  {\theta}_m$ is the $m_{th}...
The control sequence at the end of the top line
of your error message was never \def'ed. If you have
misspelled it (e.g., `\hobx'), type `I' and the correct
spelling (e.g., `I\hbox'). Otherwise just continue,
and I'll forget about whatever was undefined.

/home/heavens/twilight/CMU/Thesis/Proposal/Chapters/Aim1.tex:65: Undefined control sequence.
<recently read> \boldsymbol 
                            
l.65 ...ta}_m$ is the $m_{th}$ row of $\boldsymbol
                                                  {\theta}$. $\pi_m = P_{\th...
The control sequence at the end of the top line
of your error message was never \def'ed. If you have
misspelled it (e.g., `\hobx'), type `I' and the correct
spelling (e.g., `I\hbox'). Otherwise just continue,
and I'll forget about whatever was undefined.


/home/heavens/twilight/CMU/Thesis/Proposal/Chapters/Aim1.tex:78: LaTeX Error: Environment split undefined.

See the LaTeX manual or LaTeX Companion for explanation.
Type  H <return>  for immediate help.
 ...                                              
                                                  
l.78 }
      
Your command was ignored.
Type  I <command> <return>  to replace it with another command,
or  <return>  to continue without it.

/home/heavens/twilight/CMU/Thesis/Proposal/Chapters/Aim1.tex:78: Misplaced alignment tab character &.
<argument> ...} \label {max_step} \begin {split} &
                                                  \boldsymbol {\mu }_m = \fr...
l.78 }
      
I can't figure out why you would want to use a tab mark
here. If you just want an ampersand, the remedy is
simple: Just type `I\&' now. But if some right brace
up above has ended a previous alignment prematurely,
you're probably due for more error messages, and you
might try typing `S' now just to see what is salvageable.

/home/heavens/twilight/CMU/Thesis/Proposal/Chapters/Aim1.tex:78: Undefined control sequence.
<argument> ...x_step} \begin {split} &\boldsymbol 
                                                  {\mu }_m = \frac {\sum _i{...
l.78 }
      
The control sequence at the end of the top line
of your error message was never \def'ed. If you have
misspelled it (e.g., `\hobx'), type `I' and the correct
spelling (e.g., `I\hbox'). Otherwise just continue,
and I'll forget about whatever was undefined.

/home/heavens/twilight/CMU/Thesis/Proposal/Chapters/Aim1.tex:78: Undefined control sequence.
<argument> ... _{i}{\gamma _{im}}},\; \boldsymbol 
                                                  {\Sigma }_m = \frac {\sum ...
l.78 }
      
The control sequence at the end of the top line
of your error message was never \def'ed. If you have
misspelled it (e.g., `\hobx'), type `I' and the correct
spelling (e.g., `I\hbox'). Otherwise just continue,
and I'll forget about whatever was undefined.

/home/heavens/twilight/CMU/Thesis/Proposal/Chapters/Aim1.tex:78: Misplaced alignment tab character &.
<recently read> &
                 
l.78 }
      
I can't figure out why you would want to use a tab mark
here. If you just want an ampersand, the remedy is
simple: Just type `I\&' now. But if some right brace
up above has ended a previous alignment prematurely,
you're probably due for more error messages, and you
might try typing `S' now just to see what is salvageable.


/home/heavens/twilight/CMU/Thesis/Proposal/Chapters/Aim1.tex:78: LaTeX Error: \begin{equation} on input line 78 ended by \end{split}.

See the LaTeX manual or LaTeX Companion for explanation.
Type  H <return>  for immediate help.
 ...                                              
                                                  
l.78 }
      
Your command was ignored.
Type  I <command> <return>  to replace it with another command,
or  <return>  to continue without it.


Overfull \hbox (14.70515pt too wide) detected at line 78
[][]\OML/zplm/m/it/10.95 ^^V[] \OT1/zplm/m/n/10.95 = []\OT1/ppl/m/n/10.95 ,  \OT1/zplm/m/n/10.95 ^^F[] = []\OT1/ppl/m/n/10.95 , [] \OML/zplm/m/it/10.95 ^^Y[] \OT1/zplm/m/n/10.95 = []\OT1/ppl/m/n/10.95 ,  \OML/zplm/m/it/10.95 ^^R[] \OT1/zplm/m/n/10.95 = [][]
 []


LaTeX Warning: Reference `power_factor' on page 5 undefined on input line 79.


LaTeX Warning: Reference `continue_MN' on page 5 undefined on input line 79.

[5]

LaTeX Warning: Citation 'vincent2008extracting' on page 6 undefined on input line 82.

<figs/accur+scatter.png, id=121, 1270.7475pt x 509.5035pt>
File: figs/accur+scatter.png Graphic file (type png)
<use figs/accur+scatter.png>
Package pdftex.def Info: figs/accur+scatter.png  used on input line 84.
(pdftex.def)             Requested size: 404.02908pt x 161.9949pt.

LaTeX Warning: Reference `fig:coordinate_sampling' on page 6 undefined on input line 85.


LaTeX Warning: Reference `fig:coordinate_sampling' on page 6 undefined on input line 85.


LaTeX Warning: Reference `fig:coordinate_sampling' on page 6 undefined on input line 89.


LaTeX Warning: Citation 'tian2019clustering' on page 6 undefined on input line 89.


LaTeX Warning: Citation 'xie2016unsupervised' on page 6 undefined on input line 89.


LaTeX Warning: Citation 'wolf2018scanpy' on page 6 undefined on input line 89.


LaTeX Warning: Citation 'traag2019louvain' on page 6 undefined on input line 89.


LaTeX Warning: Citation 'stuart2019comprehensive' on page 6 undefined on input line 89.


LaTeX Warning: Citation 'butler2018integrating' on page 6 undefined on input line 89.


LaTeX Warning: Citation 'blondel2008fast' on page 6 undefined on input line 89.


Overfull \hbox (9.65761pt too wide) in paragraph at lines 88--90
[]\T1/ppl/m/n/10.95 , []]) only use ex-pres-sion data for clus-ter-ing while
 []

[6 </home/heavens/twilight/CMU/Thesis/Proposal/figs/accur+scatter.png>]

LaTeX Warning: Reference `fig:simulate_accuracy2' on page 7 undefined on input line 91.


LaTeX Warning: Reference `table:accuracy2' on page 7 undefined on input line 91.


LaTeX Warning: Reference `fig:sim_scatter' on page 7 undefined on input line 91.


LaTeX Warning: Reference `fig:simulate_accuracy' on page 7 undefined on input line 93.


LaTeX Warning: Reference `table:accuracy' on page 7 undefined on input line 93.


LaTeX Warning: Reference `fig:likelihood' on page 7 undefined on input line 93.


LaTeX Warning: Reference `fig:td_k' on page 7 undefined on input line 93.

<figs/cv.png, id=131, 1217.9904pt x 842.1864pt>
File: figs/cv.png Graphic file (type png)
<use figs/cv.png>
Package pdftex.def Info: figs/cv.png  used on input line 97.
(pdftex.def)             Requested size: 404.02908pt x 279.36165pt.

LaTeX Warning: `h' float specifier changed to `ht'.


LaTeX Warning: Citation 'moffitt2018molecular' on page 7 undefined on input line 102.


LaTeX Warning: Reference `fig:cv' on page 7 undefined on input line 105.


LaTeX Warning: Reference `fig:sscv' on page 7 undefined on input line 105.


LaTeX Warning: Citation 'dewing2003sexually' on page 7 undefined on input line 105.


LaTeX Warning: Citation 'mccarthy2011reframing' on page 7 undefined on input line 105.

<figs/Zoomed_In.png, id=132, 1458.8904pt x 544.434pt>
File: figs/Zoomed_In.png Graphic file (type png)
<use figs/Zoomed_In.png>
Package pdftex.def Info: figs/Zoomed_In.png  used on input line 107.
(pdftex.def)             Requested size: 404.02908pt x 150.77069pt.

LaTeX Warning: Reference `fig:Zoomin' on page 7 undefined on input line 111.

[7]
<figs/Sub_type_merge.png, id=139, 9969.49594pt x 5567.80125pt>
File: figs/Sub_type_merge.png Graphic file (type png)
<use figs/Sub_type_merge.png>
Package pdftex.def Info: figs/Sub_type_merge.png  used on input line 116.
(pdftex.def)             Requested size: 404.02908pt x 225.56268pt.


LaTeX Warning: Citation 'lake2016neuronal' on page 8 undefined on input line 120.


LaTeX Warning: Reference `fig:Subtype' on page 8 undefined on input line 120.


LaTeX Warning: Citation 'finak2015mast' on page 8 undefined on input line 120.


LaTeX Warning: Citation 'ashburner2000gene' on page 8 undefined on input line 120.


LaTeX Warning: Citation 'gene2019gene' on page 8 undefined on input line 120.


LaTeX Warning: Citation 'mi2017panther' on page 8 undefined on input line 120.


LaTeX Warning: Reference `fig:Subtype' on page 8 undefined on input line 120.


LaTeX Warning: Reference `fig:go_gmm' on page 8 undefined on input line 120.


LaTeX Warning: Reference `fig:go_fict' on page 8 undefined on input line 120.


LaTeX Warning: Reference `fig:Subtype' on page 8 undefined on input line 121.

[8 </home/heavens/twilight/CMU/Thesis/Proposal/figs/cv.png>]
<figs/osmFISH_scatter.png, id=148, 2081.376pt x 599.3592pt>
File: figs/osmFISH_scatter.png Graphic file (type png)
<use figs/osmFISH_scatter.png>
Package pdftex.def Info: figs/osmFISH_scatter.png  used on input line 124.
(pdftex.def)             Requested size: 404.02908pt x 116.33955pt.


LaTeX Warning: Citation 'codeluppi2018spatial' on page 9 undefined on input line 130.


LaTeX Warning: Citation 'zhu2018identification' on page 9 undefined on input line 130.


LaTeX Warning: Reference `fig:osmFISH' on page 9 undefined on input line 130.


LaTeX Warning: Reference `fig:cv_oms&seq' on page 9 undefined on input line 130.

)
Overfull \hbox (5.60503pt too wide) in paragraph at lines 130--267
\T1/ppl/m/n/10.95 To demon-strate the gen-er-al-ity of our method we fur-ther tested it on two other datasets
 []


Overfull \hbox (18.64677pt too wide) in paragraph at lines 130--267
\T1/ppl/m/n/10.95 from two ad-di-tional spa-tial tran-scrip-tomics plat-forms: osm-FISH [[]]
 []

[9 </home/heavens/twilight/CMU/Thesis/Proposal/figs/Zoomed_In.png>] [10 </home/heavens/twilight/CMU/Thesis/Proposal/figs/Sub_type_merge.png>] [11 </home/heavens/twilight/CMU/Thesis/Proposal/figs/osmFISH_scatter.png>]
\openout2 = `Appendices/AppendixA.aux'.

 (/home/heavens/twilight/CMU/Thesis/Proposal/Appendices/AppendixA.tex [12



]
Appendix A.
LaTeX Font Info:    Trying to load font information for T1+cmtt on input line 11.
(/usr/share/texlive/texmf-dist/tex/latex/base/t1cmtt.fd
File: t1cmtt.fd 2019/12/16 v2.5j Standard LaTeX font definitions
))
1: section
[13]

LaTeX Warning: Empty bibliography on input line 289.

Package atveryend Info: Empty hook `BeforeClearDocument' on input line 293.
Package atveryend Info: Empty hook `AfterLastShipout' on input line 293.
(/home/heavens/twilight/CMU/Thesis/Proposal/main.aux (/home/heavens/twilight/CMU/Thesis/Proposal/Chapters/Introduction.aux) (/home/heavens/twilight/CMU/Thesis/Proposal/Chapters/Aim1.aux) (/home/heavens/twilight/CMU/Thesis/Proposal/Appendices/AppendixA.aux))
Package atveryend Info: Executing hook `AtVeryEndDocument' on input line 293.
Package atveryend Info: Executing hook `AtEndAfterFileList' on input line 293.


Package rerunfilecheck Warning: File `main.out' has changed.
(rerunfilecheck)                Rerun to get outlines right
(rerunfilecheck)                or use package `bookmark'.

Package rerunfilecheck Info: Checksums for `main.out':
(rerunfilecheck)             Before: <no file>
(rerunfilecheck)             After:  3932E4E71A9D42ABBB3F155B6A7FA0D5;3567.

LaTeX Warning: There were undefined references.


LaTeX Warning: Label(s) may have changed. Rerun to get cross-references right.


Package biblatex Warning: Please (re)run BibTeX on the file(s):
(biblatex)                main
(biblatex)                and rerun LaTeX afterwards.

Package logreq Info: Writing requests to 'main.run.xml'.
\openout1 = `main.run.xml'.

 ) 
Here is how much of TeX's memory you used:
 26597 strings out of 481239
 549476 string characters out of 5920376
 993533 words of memory out of 5000000
 41445 multiletter control sequences out of 15000+600000
 586849 words of font info for 119 fonts, out of 8000000 for 9000
 1141 hyphenation exceptions out of 8191
 57i,19n,79p,2456b,1955s stack positions out of 5000i,500n,10000p,200000b,80000s
{/usr/share/texmf/fonts/enc/dvips/cm-super/cm-super-t1.enc}{/usr/share/texlive/texmf-dist/fonts/enc/dvips/base/8r.enc}</usr/share/texlive/texmf-dist/fonts/type1/public/amsfonts/cm/cmr10.pfb></usr/share/texlive/texmf-dist/fonts/type1/public/amsfonts/cm/cmsy10.pfb></usr/share/texlive/texmf-dist/fonts/type1/public/mathpazo/fplmbb.pfb></usr/share/texlive/texmf-dist/fonts/type1/public/mathpazo/fplmr.pfb></usr/share/texlive/texmf-dist/fonts/type1/public/mathpazo/fplmri.pfb></usr/share/texmf/fonts/type1/public/cm-super/sftt1000.pfb></usr/share/texlive/texmf-dist/fonts/type1/urw/palatino/uplb8a.pfb></usr/share/texlive/texmf-dist/fonts/type1/urw/palatino/uplr8a.pfb></usr/share/texlive/texmf-dist/fonts/type1/urw/palatino/uplr8a.pfb></usr/share/texlive/texmf-dist/fonts/type1/urw/palatino/uplri8a.pfb>
Output written on /home/heavens/twilight/CMU/Thesis/Proposal/main.pdf (25 pages, 20355025 bytes).
PDF statistics:
 230 PDF objects out of 1000 (max. 8388607)
 180 compressed objects within 2 object streams
 61 named destinations out of 1000 (max. 500000)
 31 words of extra memory for PDF output out of 10000 (max. 10000000)

